<?xml version="1.0" encoding="UTF-8"?>
<!-- Generated by org.testng.reporters.JUnitReportReporter -->
<testsuite skipped="0" hostname="din35003774" name="TestNG.TestNGOrder" tests="1" failures="0" timestamp="15 Jun 2018 11:12:34 GMT" time="0.004" errors="0">
  <testcase name="firstTest" time="0.004" classname="TestNG.TestNGOrder"/>
</testsuite> <!-- TestNG.TestNGOrder -->
