<?xml version="1.0" encoding="UTF-8"?>
<!-- Generated by org.testng.reporters.JUnitReportReporter -->
<testsuite skipped="1" hostname="din35003774" name="TestNG_Test.TestNgSkip" tests="3" failures="0" timestamp="18 Jun 2018 11:18:59 GMT" time="0.012" errors="0">
  <testcase name="m1" time="0.010" classname="TestNG_Test.TestNgSkip"/>
  <testcase name="m3" time="0.002" classname="TestNG_Test.TestNgSkip"/>
  <testcase name="m2" classname="TestNG_Test.TestNgSkip">
    <skipped/>
  </testcase> <!-- m2 -->
</testsuite> <!-- TestNG_Test.TestNgSkip -->
