<?xml version="1.0" encoding="UTF-8"?>
<!-- Generated by org.testng.reporters.JUnitReportReporter -->
<testsuite skipped="0" hostname="din35003774" name="TestNG.TestNGOrder" tests="1" failures="0" timestamp="12 Jul 2018 05:03:29 GMT" time="0.006" errors="0">
  <testcase name="firstTest" time="0.006" classname="TestNG.TestNGOrder"/>
</testsuite> <!-- TestNG.TestNGOrder -->
