<?xml version="1.0" encoding="UTF-8"?>
<!-- Generated by org.testng.reporters.JUnitReportReporter -->
<testsuite skipped="0" hostname="din35003774" name="TestNG_Test.TestNG_Groups" tests="2" failures="0" timestamp="18 Jun 2018 10:59:08 GMT" time="0.014" errors="0">
  <testcase name="m1" time="0.009" classname="TestNG_Test.TestNG_Groups"/>
  <testcase name="m3" time="0.005" classname="TestNG_Test.TestNG_Groups"/>
</testsuite> <!-- TestNG_Test.TestNG_Groups -->
