<?xml version="1.0" encoding="UTF-8"?>
<!-- Generated by org.testng.reporters.JUnitReportReporter -->
<testsuite skipped="0" hostname="din35003774" name="TestNG.ExampleForBeforeMethods" tests="2" failures="0" timestamp="15 Jun 2018 11:17:32 GMT" time="0.010" errors="0">
  <testcase name="terminateBrowser" time="0.007" classname="TestNG.ExampleForBeforeMethods"/>
  <testcase name="terminateBrowser11" time="0.003" classname="TestNG.ExampleForBeforeMethods"/>
</testsuite> <!-- TestNG.ExampleForBeforeMethods -->
